<?xml version="1.0" encoding="UTF-8"?>
<!-- Generated by org.testng.reporters.JUnitReportReporter -->
<testsuite skipped="0" hostname="PUNITP382729D" name="Test.DragandDrop" tests="1" failures="0" timestamp="01 Dec 2020 09:59:13 GMT" time="6.533" errors="0">
  <testcase name="test1" time="6.533" classname="Test.DragandDrop"/>
</testsuite> <!-- Test.DragandDrop -->
