<?xml version="1.0" encoding="UTF-8"?>
<!-- Generated by org.testng.reporters.JUnitReportReporter -->
<testsuite skipped="0" hostname="PUNITP382729D" name="Test.Demo1" tests="1" failures="0" timestamp="01 Dec 2020 08:15:53 GMT" time="4.503" errors="0">
  <testcase name="test1" time="4.503" classname="Test.Demo1"/>
</testsuite> <!-- Test.Demo1 -->
